<?xml version="1.0" encoding="UTF-8"?>
<testsuite xmlns:xsi="http://www.w3.org/2001/XMLSchema-instance" xsi:noNamespaceSchemaLocation="https://maven.apache.org/surefire/maven-surefire-plugin/xsd/surefire-test-report.xsd" version="3.0.2" name="br.com.franca.netflix.NetflixCloneApplicationTests" time="3.285" tests="1" errors="0" skipped="0" failures="0">
  <properties>
[...]
</properties>
  <testcase name="contextLoads" classname="br.com.franca.netflix.NetflixCloneApplicationTests" time="0.004">
    <system-out><![CDATA[2025-07-12T18:57:32.394-03:00  INFO 19956 --- [NetflixClone] [           main] t.c.s.AnnotationConfigContextLoaderUtils : Could not detect default configuration classes for test class [br.com.franca.netflix.NetflixCloneApplicationTests]: NetflixCloneApplicationTests does not declare any static, non-private, non-final, nested classes annotated with @Configuration.
2025-07-12T18:57:32.402-03:00  INFO 19956 --- [NetflixClone] [           main] .b.t.c.SpringBootTestContextBootstrapper : Found @SpringBootConfiguration br.com.franca.netflix.NetflixCloneApplication for test class br.com.franca.netflix.NetflixCloneApplicationTests
2025-07-12T18:57:32.409-03:00  INFO 19956 --- [NetflixClone] [           main] o.s.b.d.r.RestartApplicationListener     : Restart disabled due to context in which it is running

  .   ____          _            __ _ _
 /\\ / ___'_ __ _ _(_)_ __  __ _ \ \ \ \
( ( )\___ | '_ | '_| | '_ \/ _` | \ \ \ \
 \\/  ___)| |_)| | | | | || (_| |  ) ) ) )
  '  |____| .__|_| |_|_| |_\__, | / / / /
 =========|_|==============|___/=/_/_/_/

 :: Spring Boot ::                (v3.5.3)

2025-07-12T18:57:32.428-03:00  INFO 19956 --- [NetflixClone] [           main] b.c.f.n.NetflixCloneApplicationTests     : Starting NetflixCloneApplicationTests using Java 21.0.7 with PID 19956 (started by tiago in D:\Repositorios\NetflixBackend)
2025-07-12T18:57:32.428-03:00  INFO 19956 --- [NetflixClone] [           main] b.c.f.n.NetflixCloneApplicationTests     : The following 1 profile is active: "dev"
2025-07-12T18:57:32.808-03:00  INFO 19956 --- [NetflixClone] [           main] .s.d.r.c.RepositoryConfigurationDelegate : Bootstrapping Spring Data JPA repositories in DEFAULT mode.
2025-07-12T18:57:32.882-03:00  INFO 19956 --- [NetflixClone] [           main] .s.d.r.c.RepositoryConfigurationDelegate : Finished Spring Data repository scanning in 58 ms. Found 1 JPA repository interface.
2025-07-12T18:57:33.375-03:00  INFO 19956 --- [NetflixClone] [           main] com.zaxxer.hikari.HikariDataSource       : HikariPool-1 - Starting...
2025-07-12T18:57:33.781-03:00  INFO 19956 --- [NetflixClone] [           main] com.zaxxer.hikari.pool.HikariPool        : HikariPool-1 - Added connection com.mysql.cj.jdbc.ConnectionImpl@67cd916
2025-07-12T18:57:33.782-03:00  INFO 19956 --- [NetflixClone] [           main] com.zaxxer.hikari.HikariDataSource       : HikariPool-1 - Start completed.
2025-07-12T18:57:33.834-03:00  INFO 19956 --- [NetflixClone] [           main] org.flywaydb.core.FlywayExecutor         : Database: jdbc:mysql://localhost:3306/netflix_dsv?serverTimezone=America/Sao_Paulo (MySQL 8.4)
2025-07-12T18:57:33.846-03:00  WARN 19956 --- [NetflixClone] [           main] o.f.c.internal.database.base.Database    : Flyway upgrade recommended: MySQL 8.4 is newer than this version of Flyway and support has not been tested. The latest supported version of MySQL is 8.1.
2025-07-12T18:57:33.891-03:00  INFO 19956 --- [NetflixClone] [           main] o.f.core.internal.command.DbValidate     : Successfully validated 5 migrations (execution time 00:00.034s)
2025-07-12T18:57:33.911-03:00  INFO 19956 --- [NetflixClone] [           main] o.f.core.internal.command.DbMigrate      : Current version of schema `netflix_dsv`: 5
2025-07-12T18:57:33.917-03:00  INFO 19956 --- [NetflixClone] [           main] o.f.core.internal.command.DbMigrate      : Schema `netflix_dsv` is up to date. No migration necessary.
2025-07-12T18:57:34.034-03:00  INFO 19956 --- [NetflixClone] [           main] o.hibernate.jpa.internal.util.LogHelper  : HHH000204: Processing PersistenceUnitInfo [name: default]
2025-07-12T18:57:34.104-03:00  INFO 19956 --- [NetflixClone] [           main] org.hibernate.Version                    : HHH000412: Hibernate ORM core version 6.6.18.Final
2025-07-12T18:57:34.139-03:00  INFO 19956 --- [NetflixClone] [           main] o.h.c.internal.RegionFactoryInitiator    : HHH000026: Second-level cache disabled
2025-07-12T18:57:34.334-03:00  INFO 19956 --- [NetflixClone] [           main] o.s.o.j.p.SpringPersistenceUnitInfo      : No LoadTimeWeaver setup: ignoring JPA class transformer
2025-07-12T18:57:34.444-03:00  WARN 19956 --- [NetflixClone] [           main] org.hibernate.orm.deprecation            : HHH90000025: MySQL8Dialect does not need to be specified explicitly using 'hibernate.dialect' (remove the property setting and it will be selected by default)
2025-07-12T18:57:34.445-03:00  WARN 19956 --- [NetflixClone] [           main] org.hibernate.orm.deprecation            : HHH90000026: MySQL8Dialect has been deprecated; use org.hibernate.dialect.MySQLDialect instead
2025-07-12T18:57:34.461-03:00  INFO 19956 --- [NetflixClone] [           main] org.hibernate.orm.connections.pooling    : HHH10001005: Database info:
	Database JDBC URL [Connecting through datasource 'HikariDataSource (HikariPool-1)']
	Database driver: undefined/unknown
	Database version: 8.0
	Autocommit mode: undefined/unknown
	Isolation level: undefined/unknown
	Minimum pool size: undefined/unknown
	Maximum pool size: undefined/unknown
2025-07-12T18:57:35.157-03:00  INFO 19956 --- [NetflixClone] [           main] o.h.e.t.j.p.i.JtaPlatformInitiator       : HHH000489: No JTA platform available (set 'hibernate.transaction.jta.platform' to enable JTA platform integration)
2025-07-12T18:57:35.159-03:00  INFO 19956 --- [NetflixClone] [           main] j.LocalContainerEntityManagerFactoryBean : Initialized JPA EntityManagerFactory for persistence unit 'default'
2025-07-12T18:57:35.424-03:00  WARN 19956 --- [NetflixClone] [           main] JpaBaseConfiguration$JpaWebConfiguration : spring.jpa.open-in-view is enabled by default. Therefore, database queries may be performed during view rendering. Explicitly configure spring.jpa.open-in-view to disable this warning
2025-07-12T18:57:35.441-03:00  INFO 19956 --- [NetflixClone] [           main] r$InitializeUserDetailsManagerConfigurer : Global AuthenticationManager configured with UserDetailsService bean with name inMemoryUserDetailsManager
2025-07-12T18:57:35.672-03:00  INFO 19956 --- [NetflixClone] [           main] b.c.f.n.NetflixCloneApplicationTests     : Started NetflixCloneApplicationTests in 3.264 seconds (process running for 8.684)
]]></system-out>
  </testcase>
</testsuite>