<?xml version="1.0" encoding="UTF-8"?>
<testsuite xmlns:xsi="http://www.w3.org/2001/XMLSchema-instance" xsi:noNamespaceSchemaLocation="https://maven.apache.org/surefire/maven-surefire-plugin/xsd/surefire-test-report.xsd" version="3.0.2" name="br.com.franca.netflix.applications.controller.UsuarioControllerValidationTest" time="4.223" tests="4" errors="0" skipped="0" failures="0">
  <properties>
[...]
</properties>
  <testcase name="deveRetornarErroQuandoSenhaEstiverCurta" classname="br.com.franca.netflix.applications.controller.UsuarioControllerValidationTest" time="0.468">
    <system-out><![CDATA[18:57:28.080 [main] INFO org.springframework.test.context.support.AnnotationConfigContextLoaderUtils -- Could not detect default configuration classes for test class [br.com.franca.netflix.applications.controller.UsuarioControllerValidationTest]: UsuarioControllerValidationTest does not declare any static, non-private, non-final, nested classes annotated with @Configuration.
18:57:28.267 [main] INFO org.springframework.boot.test.context.SpringBootTestContextBootstrapper -- Found @SpringBootConfiguration br.com.franca.netflix.NetflixCloneApplication for test class br.com.franca.netflix.applications.controller.UsuarioControllerValidationTest
18:57:28.407 [main] INFO org.springframework.boot.devtools.restart.RestartApplicationListener -- Restart disabled due to context in which it is running

  .   ____          _            __ _ _
 /\\ / ___'_ __ _ _(_)_ __  __ _ \ \ \ \
( ( )\___ | '_ | '_| | '_ \/ _` | \ \ \ \
 \\/  ___)| |_)| | | | | || (_| |  ) ) ) )
  '  |____| .__|_| |_|_| |_\__, | / / / /
 =========|_|==============|___/=/_/_/_/

 :: Spring Boot ::                (v3.5.3)

2025-07-12T18:57:28.786-03:00  INFO 19956 --- [NetflixClone] [           main] .f.n.a.c.UsuarioControllerValidationTest : Starting UsuarioControllerValidationTest using Java 21.0.7 with PID 19956 (started by tiago in D:\Repositorios\NetflixBackend)
2025-07-12T18:57:28.787-03:00  INFO 19956 --- [NetflixClone] [           main] .f.n.a.c.UsuarioControllerValidationTest : The following 1 profile is active: "dev"
2025-07-12T18:57:30.421-03:00  INFO 19956 --- [NetflixClone] [           main] r$InitializeUserDetailsManagerConfigurer : Global AuthenticationManager configured with UserDetailsService bean with name inMemoryUserDetailsManager
2025-07-12T18:57:31.401-03:00  INFO 19956 --- [NetflixClone] [           main] o.s.b.t.m.w.SpringBootMockServletContext : Initializing Spring TestDispatcherServlet ''
2025-07-12T18:57:31.401-03:00  INFO 19956 --- [NetflixClone] [           main] o.s.t.web.servlet.TestDispatcherServlet  : Initializing Servlet ''
2025-07-12T18:57:31.402-03:00  INFO 19956 --- [NetflixClone] [           main] o.s.t.web.servlet.TestDispatcherServlet  : Completed initialization in 1 ms
2025-07-12T18:57:31.444-03:00  INFO 19956 --- [NetflixClone] [           main] .f.n.a.c.UsuarioControllerValidationTest : Started UsuarioControllerValidationTest in 3.054 seconds (process running for 4.456)
]]></system-out>
    <system-err><![CDATA[Mockito is currently self-attaching to enable the inline-mock-maker. This will no longer work in future releases of the JDK. Please add Mockito as an agent to your build as described in Mockito's documentation: https://javadoc.io/doc/org.mockito/mockito-core/latest/org.mockito/org/mockito/Mockito.html#0.3
WARNING: A Java agent has been loaded dynamically (C:\Users\tiago\.m2\repository\net\bytebuddy\byte-buddy-agent\1.17.6\byte-buddy-agent-1.17.6.jar)
WARNING: If a serviceability tool is in use, please run with -XX:+EnableDynamicAgentLoading to hide this warning
WARNING: If a serviceability tool is not in use, please run with -Djdk.instrument.traceUsage for more information
WARNING: Dynamic loading of agents will be disallowed by default in a future release
]]></system-err>
  </testcase>
  <testcase name="deveRetornarErroQuandoNomeEstiverVazio" classname="br.com.franca.netflix.applications.controller.UsuarioControllerValidationTest" time="0.019"/>
  <testcase name="deveCadastrarUsuarioQuandoRequisicaoValida" classname="br.com.franca.netflix.applications.controller.UsuarioControllerValidationTest" time="0.099"/>
  <testcase name="deveRetornarErroQuandoEmailEstiverInvalido" classname="br.com.franca.netflix.applications.controller.UsuarioControllerValidationTest" time="0.008"/>
</testsuite>